   Compiling proc-macro2 v1.0.106
   Compiling quote v1.0.44
   Compiling httparse v1.10.1
   Compiling winapi v0.3.9
   Compiling serde_core v1.0.228
   Compiling windows_x86_64_msvc v0.52.6
   Compiling native-tls v0.2.18
   Compiling num-traits v0.2.19
error: linking with `link.exe` failed: exit code: 1181
  |
  = note: "C:\\Program Files (x86)\\Microsoft Visual Studio\\2019\\BuildTools\\VC\\Tools\\MSVC\\14.29.30133\\bin\\HostX64\\x64\\link.exe" "/NOLOGO" "C:\\Users\\tang3\\AppData\\Local\\Temp\\rustcdJMCyZ\\symbols.o" "<2 object files omitted>" "<sysroot>\\lib\\rustlib\\x86_64-pc-windows-msvc\\lib/{libstd-*,libpanic_unwind-*,libcfg_if-*,libwindows_targets-*,librustc_demangle-*,libstd_detect-*,libhashbrown-*,librustc_std_workspace_alloc-*,libunwind-*,librustc_std_workspace_core-*,liballoc-*,libcore-*,libcompiler_builtins-*}.rlib" "kernel32.lib" "kernel32.lib" "kernel32.lib" "ntdll.lib" "userenv.lib" "ws2_32.lib" "dbghelp.lib" "/defaultlib:msvcrt" "/NXCOMPAT" "/OUT:D:\\prg\\web\\IME\\AIPinyin\\target\\debug\\build\\windows_x86_64_msvc-38540bf3181b7a31\\build_script_build-38540bf3181b7a31.exe" "/OPT:REF,NOICF" "/DEBUG" "/PDBALTPATH:%_PDB%" "/NATVIS:<sysroot>\\lib\\rustlib\\etc\\intrinsic.natvis" "/NATVIS:<sysroot>\\lib\\rustlib\\etc\\liballoc.natvis" "/NATVIS:<sysroot>\\lib\\rustlib\\etc\\libcore.natvis" "/NATVIS:<sysroot>\\lib\\rustlib\\etc\\libstd.natvis"
  = note: some arguments are omitted. use `--verbose` to show all linker arguments
  = note: LINK : fatal error LNK1181: 鏃犳硶鎵撳紑杈撳叆鏂囦欢鈥渒ernel32.lib鈥濃悕
          

error: linking with `link.exe` failed: exit code: 1181
  |
  = note: "C:\\Program Files (x86)\\Microsoft Visual Studio\\2019\\BuildTools\\VC\\Tools\\MSVC\\14.29.30133\\bin\\HostX64\\x64\\link.exe" "/NOLOGO" "C:\\Users\\tang3\\AppData\\Local\\Temp\\rustcGE8rlZ\\symbols.o" "<2 object files omitted>" "D:\\prg\\web\\IME\\AIPinyin\\target\\debug\\deps/libautocfg-0d9fab24a14ca87a.rlib" "<sysroot>\\lib\\rustlib\\x86_64-pc-windows-msvc\\lib/{libstd-*,libpanic_unwind-*,libcfg_if-*,libwindows_targets-*,librustc_demangle-*,libstd_detect-*,libhashbrown-*,librustc_std_workspace_alloc-*,libunwind-*,librustc_std_workspace_core-*,liballoc-*,libcore-*,libcompiler_builtins-*}.rlib" "kernel32.lib" "kernel32.lib" "kernel32.lib" "ntdll.lib" "userenv.lib" "ws2_32.lib" "dbghelp.lib" "/defaultlib:msvcrt" "/NXCOMPAT" "/OUT:D:\\prg\\web\\IME\\AIPinyin\\target\\debug\\build\\num-traits-b33ba7facb346379\\build_script_build-b33ba7facb346379.exe" "/OPT:REF,NOICF" "/DEBUG" "/PDBALTPATH:%_PDB%" "/NATVIS:<sysroot>\\lib\\rustlib\\etc\\intrinsic.natvis" "/NATVIS:<sysroot>\\lib\\rustlib\\etc\\liballoc.natvis" "/NATVIS:<sysroot>\\lib\\rustlib\\etc\\libcore.natvis" "/NATVIS:<sysroot>\\lib\\rustlib\\etc\\libstd.natvis"
  = note: some arguments are omitted. use `--verbose` to show all linker arguments
  = note: LINK : fatal error LNK1181: 鏃犳硶鎵撳紑杈撳叆鏂囦欢鈥渒ernel32.lib鈥濃悕
          

error: linking with `link.exe` failed: exit code: 1181
  |
  = note: "C:\\Program Files (x86)\\Microsoft Visual Studio\\2019\\BuildTools\\VC\\Tools\\MSVC\\14.29.30133\\bin\\HostX64\\x64\\link.exe" "/NOLOGO" "C:\\Users\\tang3\\AppData\\Local\\Temp\\rustclPeLM7\\symbols.o" "<2 object files omitted>" "<sysroot>\\lib\\rustlib\\x86_64-pc-windows-msvc\\lib/{libstd-*,libpanic_unwind-*,libcfg_if-*,libwindows_targets-*,librustc_demangle-*,libstd_detect-*,libhashbrown-*,librustc_std_workspace_alloc-*,libunwind-*,librustc_std_workspace_core-*,liballoc-*,libcore-*,libcompiler_builtins-*}.rlib" "kernel32.lib" "kernel32.lib" "kernel32.lib" "ntdll.lib" "userenv.lib" "ws2_32.lib" "dbghelp.lib" "/defaultlib:msvcrt" "/NXCOMPAT" "/OUT:D:\\prg\\web\\IME\\AIPinyin\\target\\debug\\build\\native-tls-caf22d5af9b3d0dc\\build_script_build-caf22d5af9b3d0dc.exe" "/OPT:REF,NOICF" "/DEBUG" "/PDBALTPATH:%_PDB%" "/NATVIS:<sysroot>\\lib\\rustlib\\etc\\intrinsic.natvis" "/NATVIS:<sysroot>\\lib\\rustlib\\etc\\liballoc.natvis" "/NATVIS:<sysroot>\\lib\\rustlib\\etc\\libcore.natvis" "/NATVIS:<sysroot>\\lib\\rustlib\\etc\\libstd.natvis"
  = note: some arguments are omitted. use `--verbose` to show all linker arguments
  = note: LINK : fatal error LNK1181: 鏃犳硶鎵撳紑杈撳叆鏂囦欢鈥渒ernel32.lib鈥濃悕
          

error: linking with `link.exe` failed: exit code: 1181
  |
  = note: "C:\\Program Files (x86)\\Microsoft Visual Studio\\2019\\BuildTools\\VC\\Tools\\MSVC\\14.29.30133\\bin\\HostX64\\x64\\link.exe" "/NOLOGO" "C:\\Users\\tang3\\AppData\\Local\\Temp\\rustcwLFOGb\\symbols.o" "<2 object files omitted>" "<sysroot>\\lib\\rustlib\\x86_64-pc-windows-msvc\\lib/{libstd-*,libpanic_unwind-*,libcfg_if-*,libwindows_targets-*,librustc_demangle-*,libstd_detect-*,libhashbrown-*,librustc_std_workspace_alloc-*,libunwind-*,librustc_std_workspace_core-*,liballoc-*,libcore-*,libcompiler_builtins-*}.rlib" "kernel32.lib" "kernel32.lib" "kernel32.lib" "ntdll.lib" "userenv.lib" "ws2_32.lib" "dbghelp.lib" "/defaultlib:msvcrt" "/NXCOMPAT" "/OUT:D:\\prg\\web\\IME\\AIPinyin\\target\\debug\\build\\quote-72614111386c79be\\build_script_build-72614111386c79be.exe" "/OPT:REF,NOICF" "/DEBUG" "/PDBALTPATH:%_PDB%" "/NATVIS:<sysroot>\\lib\\rustlib\\etc\\intrinsic.natvis" "/NATVIS:<sysroot>\\lib\\rustlib\\etc\\liballoc.natvis" "/NATVIS:<sysroot>\\lib\\rustlib\\etc\\libcore.natvis" "/NATVIS:<sysroot>\\lib\\rustlib\\etc\\libstd.natvis"
  = note: some arguments are omitted. use `--verbose` to show all linker arguments
  = note: LINK : fatal error LNK1181: 鏃犳硶鎵撳紑杈撳叆鏂囦欢鈥渒ernel32.lib鈥濃悕
          

error: could not compile `windows_x86_64_msvc` (build script) due to 1 previous error
warning: build failed, waiting for other jobs to finish...
error: could not compile `num-traits` (build script) due to 1 previous error
error: could not compile `native-tls` (build script) due to 1 previous error
error: could not compile `quote` (build script) due to 1 previous error
error: linking with `link.exe` failed: exit code: 1181
  |
  = note: "C:\\Program Files (x86)\\Microsoft Visual Studio\\2019\\BuildTools\\VC\\Tools\\MSVC\\14.29.30133\\bin\\HostX64\\x64\\link.exe" "/NOLOGO" "C:\\Users\\tang3\\AppData\\Local\\Temp\\rustcJcSxaG\\symbols.o" "<3 object files omitted>" "<sysroot>\\lib\\rustlib\\x86_64-pc-windows-msvc\\lib/{libstd-*,libpanic_unwind-*,libcfg_if-*,libwindows_targets-*,librustc_demangle-*,libstd_detect-*,libhashbrown-*,librustc_std_workspace_alloc-*,libunwind-*,librustc_std_workspace_core-*,liballoc-*,libcore-*,libcompiler_builtins-*}.rlib" "kernel32.lib" "kernel32.lib" "kernel32.lib" "ntdll.lib" "userenv.lib" "ws2_32.lib" "dbghelp.lib" "/defaultlib:msvcrt" "/NXCOMPAT" "/OUT:D:\\prg\\web\\IME\\AIPinyin\\target\\debug\\build\\proc-macro2-ff37e2eafc2e297d\\build_script_build-ff37e2eafc2e297d.exe" "/OPT:REF,NOICF" "/DEBUG" "/PDBALTPATH:%_PDB%" "/NATVIS:<sysroot>\\lib\\rustlib\\etc\\intrinsic.natvis" "/NATVIS:<sysroot>\\lib\\rustlib\\etc\\liballoc.natvis" "/NATVIS:<sysroot>\\lib\\rustlib\\etc\\libcore.natvis" "/NATVIS:<sysroot>\\lib\\rustlib\\etc\\libstd.natvis"
  = note: some arguments are omitted. use `--verbose` to show all linker arguments
  = note: LINK : fatal error LNK1181: 鏃犳硶鎵撳紑杈撳叆鏂囦欢鈥渒ernel32.lib鈥濃悕
          

error: linking with `link.exe` failed: exit code: 1181
  |
  = note: "C:\\Program Files (x86)\\Microsoft Visual Studio\\2019\\BuildTools\\VC\\Tools\\MSVC\\14.29.30133\\bin\\HostX64\\x64\\link.exe" "/NOLOGO" "C:\\Users\\tang3\\AppData\\Local\\Temp\\rustcUIT1Sn\\symbols.o" "<3 object files omitted>" "<sysroot>\\lib\\rustlib\\x86_64-pc-windows-msvc\\lib/{libstd-*,libpanic_unwind-*,libcfg_if-*,libwindows_targets-*,librustc_demangle-*,libstd_detect-*,libhashbrown-*,librustc_std_workspace_alloc-*,libunwind-*,librustc_std_workspace_core-*,liballoc-*,libcore-*,libcompiler_builtins-*}.rlib" "kernel32.lib" "kernel32.lib" "kernel32.lib" "ntdll.lib" "userenv.lib" "ws2_32.lib" "dbghelp.lib" "/defaultlib:msvcrt" "/NXCOMPAT" "/OUT:D:\\prg\\web\\IME\\AIPinyin\\target\\debug\\build\\serde_core-f4852550f8317e69\\build_script_build-f4852550f8317e69.exe" "/OPT:REF,NOICF" "/DEBUG" "/PDBALTPATH:%_PDB%" "/NATVIS:<sysroot>\\lib\\rustlib\\etc\\intrinsic.natvis" "/NATVIS:<sysroot>\\lib\\rustlib\\etc\\liballoc.natvis" "/NATVIS:<sysroot>\\lib\\rustlib\\etc\\libcore.natvis" "/NATVIS:<sysroot>\\lib\\rustlib\\etc\\libstd.natvis"
  = note: some arguments are omitted. use `--verbose` to show all linker arguments
  = note: LINK : fatal error LNK1181: 鏃犳硶鎵撳紑杈撳叆鏂囦欢鈥渒ernel32.lib鈥濃悕
          

error: could not compile `proc-macro2` (build script) due to 1 previous error
error: linking with `link.exe` failed: exit code: 1181
  |
  = note: "C:\\Program Files (x86)\\Microsoft Visual Studio\\2019\\BuildTools\\VC\\Tools\\MSVC\\14.29.30133\\bin\\HostX64\\x64\\link.exe" "/NOLOGO" "C:\\Users\\tang3\\AppData\\Local\\Temp\\rustctbU44A\\symbols.o" "<5 object files omitted>" "<sysroot>\\lib\\rustlib\\x86_64-pc-windows-msvc\\lib/{libstd-*,libpanic_unwind-*,libcfg_if-*,libwindows_targets-*,librustc_demangle-*,libstd_detect-*,libhashbrown-*,librustc_std_workspace_alloc-*,libunwind-*,librustc_std_workspace_core-*,liballoc-*,libcore-*,libcompiler_builtins-*}.rlib" "kernel32.lib" "kernel32.lib" "kernel32.lib" "ntdll.lib" "userenv.lib" "ws2_32.lib" "dbghelp.lib" "/defaultlib:msvcrt" "/NXCOMPAT" "/OUT:D:\\prg\\web\\IME\\AIPinyin\\target\\debug\\build\\httparse-c7e87e8ff8972135\\build_script_build-c7e87e8ff8972135.exe" "/OPT:REF,NOICF" "/DEBUG" "/PDBALTPATH:%_PDB%" "/NATVIS:<sysroot>\\lib\\rustlib\\etc\\intrinsic.natvis" "/NATVIS:<sysroot>\\lib\\rustlib\\etc\\liballoc.natvis" "/NATVIS:<sysroot>\\lib\\rustlib\\etc\\libcore.natvis" "/NATVIS:<sysroot>\\lib\\rustlib\\etc\\libstd.natvis"
  = note: some arguments are omitted. use `--verbose` to show all linker arguments
  = note: LINK : fatal error LNK1181: 鏃犳硶鎵撳紑杈撳叆鏂囦欢鈥渒ernel32.lib鈥濃悕
          

error: could not compile `serde_core` (build script) due to 1 previous error
error: could not compile `httparse` (build script) due to 1 previous error
error: linking with `link.exe` failed: exit code: 1181
  |
  = note: "C:\\Program Files (x86)\\Microsoft Visual Studio\\2019\\BuildTools\\VC\\Tools\\MSVC\\14.29.30133\\bin\\HostX64\\x64\\link.exe" "/NOLOGO" "C:\\Users\\tang3\\AppData\\Local\\Temp\\rustca6YBI3\\symbols.o" "<6 object files omitted>" "<sysroot>\\lib\\rustlib\\x86_64-pc-windows-msvc\\lib/{libstd-*,libpanic_unwind-*,libcfg_if-*,libwindows_targets-*,librustc_demangle-*,libstd_detect-*,libhashbrown-*,librustc_std_workspace_alloc-*,libunwind-*,librustc_std_workspace_core-*,liballoc-*,libcore-*,libcompiler_builtins-*}.rlib" "kernel32.lib" "kernel32.lib" "kernel32.lib" "ntdll.lib" "userenv.lib" "ws2_32.lib" "dbghelp.lib" "/defaultlib:msvcrt" "/NXCOMPAT" "/OUT:D:\\prg\\web\\IME\\AIPinyin\\target\\debug\\build\\winapi-7610041e8bbe6368\\build_script_build-7610041e8bbe6368.exe" "/OPT:REF,NOICF" "/DEBUG" "/PDBALTPATH:%_PDB%" "/NATVIS:<sysroot>\\lib\\rustlib\\etc\\intrinsic.natvis" "/NATVIS:<sysroot>\\lib\\rustlib\\etc\\liballoc.natvis" "/NATVIS:<sysroot>\\lib\\rustlib\\etc\\libcore.natvis" "/NATVIS:<sysroot>\\lib\\rustlib\\etc\\libstd.natvis"
  = note: some arguments are omitted. use `--verbose` to show all linker arguments
  = note: LINK : fatal error LNK1181: 鏃犳硶鎵撳紑杈撳叆鏂囦欢鈥渒ernel32.lib鈥濃悕
          

error: could not compile `winapi` (build script) due to 1 previous error
